{"name":"memberapi","hostname":"Foundry-Laptop","pid":2564,"level":20,"msg":"GET:/api/member: Called with email: nrstirzaer@gmail.com","time":"2020-02-08T14:44:40.301Z","v":0}
{"name":"memberapi","hostname":"Foundry-Laptop","pid":2564,"level":20,"msg":"/api/member: Member found: null","time":"2020-02-08T14:44:40.332Z","v":0}
{"name":"memberapi","hostname":"Foundry-Laptop","pid":14080,"level":20,"msg":"GET:/api/member: Called with email: nrstirzaer@gmail.com","time":"2020-02-08T14:52:59.584Z","v":0}
{"name":"memberapi","hostname":"Foundry-Laptop","pid":14080,"level":20,"msg":"/api/member: Member found: null","time":"2020-02-08T14:52:59.691Z","v":0}
{"name":"memberapi","hostname":"Foundry-Laptop","pid":14080,"level":20,"msg":"GET:/api/member: Called with email: nrstirzaer@gmail.com","time":"2020-02-08T14:53:41.010Z","v":0}
{"name":"memberapi","hostname":"Foundry-Laptop","pid":14080,"level":20,"msg":"/api/member: Member found: null","time":"2020-02-08T14:54:08.027Z","v":0}
{"name":"memberapi","hostname":"Foundry-Laptop","pid":19504,"level":20,"msg":"GET:/api/member: Called with email: nrstirzaer@gmail.com","time":"2020-02-08T14:57:05.404Z","v":0}
{"name":"memberapi","hostname":"Foundry-Laptop","pid":19504,"level":20,"msg":"/api/member: Member found: null","time":"2020-02-08T14:57:21.733Z","v":0}
{"name":"memberapi","hostname":"Foundry-Laptop","pid":19892,"level":20,"msg":"GET:/api/member: Called with email: nrstirzaer@gmail.com","time":"2020-02-08T14:58:52.950Z","v":0}
{"name":"memberapi","hostname":"Foundry-Laptop","pid":19892,"level":20,"msg":"/api/member: Member found: [object Object]","time":"2020-02-08T14:59:03.699Z","v":0}
{"name":"memberapi","hostname":"Foundry-Laptop","pid":24232,"level":20,"msg":"GET:/api/member: Called with email: nrstirzaer@gmail.com","time":"2020-02-08T15:08:45.006Z","v":0}
{"name":"memberapi","hostname":"Foundry-Laptop","pid":24232,"level":20,"msg":"/api/member: Member found: [object Object]","time":"2020-02-08T15:08:53.477Z","v":0}
{"name":"memberapi","hostname":"Foundry-Laptop","pid":24232,"level":20,"msg":"GET:/api/member: Called with email: nrstirzaker@gmail.com","time":"2020-02-08T15:08:56.807Z","v":0}
{"name":"memberapi","hostname":"Foundry-Laptop","pid":24232,"level":20,"msg":"/api/member: Member found: {\"id\":\"1330c510-9354-11e9-9dfe-0b5ce641a487\",\"email\":\"nrstirzaker@gmail.com\",\"fullName\":\"Nigel\",\"fullNameYoungestChild\":\"Luke\",\"schoolYear\":\"yr8\",\"contactNumber\":\"07866573805\",\"committee\":true,\"helper\":true,\"specificEvent\":true,\"secondHandUniform\":false,\"information\":true,\"agreedPrivacyPolicy\":true,\"testOnly\":null,\"createdOn\":\"2019-06-20T09:08:12.000Z\",\"updatedOn\":\"2020-01-25T09:30:25.000Z\"}","time":"2020-02-08T15:08:56.912Z","v":0}
{"name":"memberapi","hostname":"Foundry-Laptop","pid":24976,"level":20,"msg":"GET:/api/member: Called with email: nrstirzaer@gmail.com","time":"2020-02-08T15:48:06.101Z","v":0}
{"name":"memberapi","hostname":"Foundry-Laptop","pid":29236,"level":20,"msg":"GET:/api/member: Called with email: nrstirzaker@gmail.com","time":"2020-02-08T15:48:46.219Z","v":0}
{"name":"memberapi","hostname":"Foundry-Laptop","pid":29236,"level":20,"msg":"/api/member: Member found: {\"id\":\"1330c510-9354-11e9-9dfe-0b5ce641a487\",\"email\":\"nrstirzaker@gmail.com\",\"fullName\":\"Nigel\",\"fullNameYoungestChild\":\"Luke\",\"schoolYear\":\"yr8\",\"contactNumber\":\"07866573805\",\"committee\":true,\"helper\":true,\"specificEvent\":true,\"secondHandUniform\":false,\"information\":true,\"agreedPrivacyPolicy\":true,\"testOnly\":null,\"createdOn\":\"2019-06-20T09:08:12.000Z\",\"updatedOn\":\"2020-01-25T09:30:25.000Z\"}","time":"2020-02-08T15:48:46.301Z","v":0}
{"name":"memberapi","hostname":"Foundry-Laptop","pid":29236,"level":20,"msg":"GET:/api/member: Called with email: nrstirzaker@gmail.com","time":"2020-02-08T15:48:51.339Z","v":0}
{"name":"memberapi","hostname":"Foundry-Laptop","pid":29236,"level":20,"msg":"/api/member: Member found: {\"id\":\"1330c510-9354-11e9-9dfe-0b5ce641a487\",\"email\":\"nrstirzaker@gmail.com\",\"fullName\":\"Nigel\",\"fullNameYoungestChild\":\"Luke\",\"schoolYear\":\"yr8\",\"contactNumber\":\"07866573805\",\"committee\":true,\"helper\":true,\"specificEvent\":true,\"secondHandUniform\":false,\"information\":true,\"agreedPrivacyPolicy\":true,\"testOnly\":null,\"createdOn\":\"2019-06-20T09:08:12.000Z\",\"updatedOn\":\"2020-01-25T09:30:25.000Z\"}","time":"2020-02-08T15:48:51.348Z","v":0}
{"name":"memberapi","hostname":"Foundry-Laptop","pid":20104,"level":20,"msg":"GET:/api/member: Called with email: nrstirzaer@gmail.com","time":"2020-02-08T16:03:25.600Z","v":0}
{"name":"memberapi","hostname":"Foundry-Laptop","pid":20104,"level":20,"msg":"/api/member: Member found: [object Object]","time":"2020-02-08T16:03:25.813Z","v":0}
{"name":"memberapi","hostname":"Foundry-Laptop","pid":31884,"level":20,"msg":"GET:/api/member: Called with email: nrstirzaer@gmail.com","time":"2020-02-08T16:05:37.181Z","v":0}
{"name":"memberapi","hostname":"Foundry-Laptop","pid":31884,"level":20,"msg":"/api/member: Member found: [object Object]","time":"2020-02-08T16:05:37.362Z","v":0}
{"name":"memberapi","hostname":"Foundry-Laptop","pid":12852,"level":20,"msg":"GET:/api/member: Called with email: nrstirzaer@gmail.com","time":"2020-02-08T16:06:18.958Z","v":0}
{"name":"memberapi","hostname":"Foundry-Laptop","pid":12852,"level":20,"msg":"/api/member: Member found: [object Object]","time":"2020-02-08T16:06:19.110Z","v":0}
{"name":"memberapi","hostname":"Foundry-Laptop","pid":22268,"level":20,"msg":"GET:/api/member: Called with email: nrstirzaer@gmail.com","time":"2020-02-08T16:06:52.883Z","v":0}
{"name":"memberapi","hostname":"Foundry-Laptop","pid":22268,"level":20,"msg":"/api/member: Member found: [object Object]","time":"2020-02-08T16:06:53.039Z","v":0}
{"name":"memberapi","hostname":"Foundry-Laptop","pid":16008,"level":20,"msg":"GET:/api/member: Called with email: nrstirzaker@gmail.com","time":"2020-02-08T16:07:10.748Z","v":0}
{"name":"memberapi","hostname":"Foundry-Laptop","pid":16008,"level":20,"msg":"/api/member: Member found: {\"id\":\"1330c510-9354-11e9-9dfe-0b5ce641a487\",\"email\":\"nrstirzaker@gmail.com\",\"fullName\":\"Nigel\",\"fullNameYoungestChild\":\"Luke\",\"schoolYear\":\"yr8\",\"contactNumber\":\"07866573805\",\"committee\":true,\"helper\":true,\"specificEvent\":true,\"secondHandUniform\":false,\"information\":true,\"agreedPrivacyPolicy\":true,\"testOnly\":null,\"createdOn\":\"2019-06-20T09:08:12.000Z\",\"updatedOn\":\"2020-01-25T09:30:25.000Z\"}","time":"2020-02-08T16:07:10.983Z","v":0}
{"name":"memberapi","hostname":"Foundry-Laptop","pid":1892,"level":20,"msg":"GET:/api/member: Called with email: nrstirzaker@gmail.com","time":"2020-02-08T16:14:28.477Z","v":0}
{"name":"memberapi","hostname":"Foundry-Laptop","pid":1892,"level":20,"msg":"/api/member: Member found: {\"id\":\"1330c510-9354-11e9-9dfe-0b5ce641a487\",\"email\":\"nrstirzaker@gmail.com\",\"fullName\":\"Nigel\",\"fullNameYoungestChild\":\"Luke\",\"schoolYear\":\"yr8\",\"contactNumber\":\"07866573805\",\"committee\":true,\"helper\":true,\"specificEvent\":true,\"secondHandUniform\":false,\"information\":true,\"agreedPrivacyPolicy\":true,\"testOnly\":null,\"createdOn\":\"2019-06-20T09:08:12.000Z\",\"updatedOn\":\"2020-01-25T09:30:25.000Z\"}","time":"2020-02-08T16:14:28.688Z","v":0}
{"name":"memberapi","hostname":"Foundry-Laptop","pid":1368,"level":20,"msg":"GET:/api/member: Called with email: nrstirzaker@gmail.com","time":"2020-02-08T16:15:20.096Z","v":0}
{"name":"memberapi","hostname":"Foundry-Laptop","pid":1368,"level":20,"msg":"/api/member: Member found: {\"id\":\"1330c510-9354-11e9-9dfe-0b5ce641a487\",\"email\":\"nrstirzaker@gmail.com\",\"fullName\":\"Nigel\",\"fullNameYoungestChild\":\"Luke\",\"schoolYear\":\"yr8\",\"contactNumber\":\"07866573805\",\"committee\":true,\"helper\":true,\"specificEvent\":true,\"secondHandUniform\":false,\"information\":true,\"agreedPrivacyPolicy\":true,\"testOnly\":null,\"createdOn\":\"2019-06-20T09:08:12.000Z\",\"updatedOn\":\"2020-01-25T09:30:25.000Z\"}","time":"2020-02-08T16:15:20.296Z","v":0}
{"name":"memberapi","hostname":"Foundry-Laptop","pid":1368,"level":20,"msg":"GET:/api/member: Called with email: nrstirzaer@gmail.com","time":"2020-02-08T16:15:20.404Z","v":0}
{"name":"memberapi","hostname":"Foundry-Laptop","pid":1368,"level":20,"msg":"/api/member: Member found: [object Object]","time":"2020-02-08T16:15:20.410Z","v":0}
